[2026-05-04T08:23:36Z] Cycle 2034qy complete. May 4 PT FIRED 3/3. Sleeping 900s...
[2026-05-04T08:38:45Z] Woke up. Starting cycle 2034qz.
[2026-05-04T08:42:47Z] Cycle 2034qz complete. Shipped: IC mandate update + May 5 scout. Sleeping 900s...
[2026-05-04T08:57:51Z] Woke up. Starting cycle 2034r0.
[2026-05-04T08:59:35Z] Cycle 2034r0 complete. May 5 PT drafts ready. Sleeping 900s...
[2026-05-04T09:14:40Z] Woke up. Starting cycle 2034r1.
[2026-05-04T09:15:46Z] Cycle 2034r1 complete. Monitoring only (no commit). Sleeping 900s...
[2026-05-04T09:30:52Z] Woke up. Starting cycle 2034r2.
[2026-05-04T09:31:20Z] Cycle 2034r2 complete. Monitoring only. Sleeping 900s...
[2026-05-04T09:46:25Z] Woke up. Starting cycle 2034r3.
[2026-05-04T09:50:09Z] Cycle 2034r3 complete. May 6 scout done. Sleeping 900s...
[2026-05-04T10:05:21Z] Woke up. Starting cycle 2034r4.
[2026-05-04T10:07:21Z] Cycle 2034r4 complete. May 6 drafts done. Now 2 days ahead. Sleeping 900s...
[2026-05-04T10:22:29Z] Woke up. Starting cycle 2034r5.
[2026-05-04T10:22:57Z] Cycle 2034r5 complete. Monitoring only. Sleeping 900s...
[2026-05-04T10:38:06Z] Woke up. Starting cycle 2034r6.
[2026-05-04T10:38:30Z] Cycle 2034r6 complete. All fires silent T+2-26h. Sleeping 900s...
[2026-05-04T10:53:39Z] Woke up. Starting cycle 2034r7.
[2026-05-04T10:56:59Z] Cycle 2034r7 complete. May 7 scout done. Now 3 days ahead. Sleeping 900s...
[2026-05-04T11:12:10Z] Woke up. Starting cycle 2034r8.
[2026-05-04T11:15:18Z] Cycle 2034r8 complete. Sleeping 900s...
[2026-05-04T11:30:28Z] Woke up. Starting cycle 2034r9.
[2026-05-04T11:38:21Z] Cycle 2034r9 complete. Sleeping 900s...
[2026-05-04T11:53:31Z] Woke up. Starting cycle 2034ra.
[2026-05-04T11:56:53Z] Cycle 2034ra complete (monitoring, no commit). Sleeping 900s...
[2026-05-04T12:12:05Z] Woke up. Starting cycle 2034rb.
[2026-05-04T12:13:02Z] Cycle 2034rb complete (monitoring, no commit). Sleeping 900s...
[2026-05-04T12:28:13Z] Woke up. Starting cycle 2034rc.
[2026-05-04T12:33:30Z] Cycle 2034rc complete. Sleeping 900s...
[2026-05-04T12:48:41Z] Woke up. Starting cycle 2034rd.
[2026-05-04T12:49:26Z] Cycle 2034rd complete (monitoring, no commit). Sleeping 900s...
[2026-05-04T13:04:37Z] Woke up. Starting cycle 2034re.
[2026-05-04T13:05:21Z] Cycle 2034re complete (monitoring, no commit). Sleeping 900s...
[2026-05-04T13:20:33Z] Woke up. Starting cycle 2034rf.
[2026-05-04T13:21:11Z] Cycle 2034rf complete (monitoring, no commit). Sleeping 900s...
[2026-05-04T13:36:24Z] Woke up. Starting cycle 2034rg.
[2026-05-04T13:37:05Z] Cycle 2034rg complete (monitoring, no commit). Sleeping 900s...
[2026-05-04T13:52:27Z] Woke up. Starting cycle 2034rh.
[2026-05-04T13:53:02Z] Cycle 2034rh complete (monitoring, no commit). Sleeping 900s...
[2026-05-04T14:08:14Z] Woke up. Starting cycle 2034ri.
[2026-05-04T14:12:20Z] Cycle 2034ri complete. Sleeping 900s...
[2026-05-04T14:27:29Z] Woke up. Starting cycle 2034rj.
[2026-05-04T14:31:03Z] Cycle 2034rj complete. Sleeping 900s...
[2026-05-04T14:46:11Z] Woke up. Starting cycle 2034rk.
[2026-05-04T14:48:14Z] Cycle 2034rk complete. Sleeping 900s...
[2026-05-04T15:03:25Z] Woke up. Starting cycle 2034rl.
[2026-05-04T15:03:57Z] Cycle 2034rl complete (monitoring, no commit). Sleeping 900s...
[2026-05-04T15:19:08Z] Woke up. Starting cycle 2034rm.
[2026-05-04T15:19:37Z] Cycle 2034rm complete (monitoring, no commit). Sleeping 900s...
[2026-05-04T20:54:25Z] Cycle 2034s5 complete. Sleeping 900s...
[2026-05-04T21:09:30Z] Woke up. Starting cycle 2034s6.
[2026-05-04T21:11:00Z] Cycle 2034s6: quiet (0 inbox, 0 fire replies). Sleeping 900s...
[2026-05-04T21:26:01Z] Woke up. Starting cycle 2034s7.
[2026-05-04T21:26:29Z] Cycle 2034s7: quiet. Sleeping 900s...
[2026-05-04T21:41:29Z] Woke up. Starting cycle 2034s8.
[2026-05-04T21:42:12Z] Cycle 2034s8: quiet. Sleeping 900s...
[2026-05-04T21:57:12Z] Woke up. Starting cycle 2034s9.
[2026-05-04T21:57:33Z] Cycle 2034s9: quiet. Sleeping 900s...
[2026-05-04T22:12:33Z] Woke up. Starting cycle 2034sa.
[2026-05-04T22:12:53Z] Cycle 2034sa: quiet. Sleeping 900s...
[2026-05-04T22:27:53Z] Woke up. Starting cycle 2034sb.
[2026-05-04T22:28:12Z] Cycle 2034sb: quiet. Sleeping 900s...
[2026-05-04T22:43:12Z] Woke up. Starting cycle 2034sc.
[2026-05-04T22:43:40Z] Cycle 2034sc: quiet. Sleeping 900s...
[2026-05-04T22:58:40Z] Woke up. Starting cycle 2034sd.
[2026-05-04T22:59:04Z] Cycle 2034sd: quiet. Sleeping 900s...
[2026-05-04T23:14:04Z] Woke up. Starting cycle 2034se.
[2026-05-04T23:14:25Z] Cycle 2034se: quiet. Sleeping 900s...
[2026-05-04T23:29:25Z] Woke up. Starting cycle 2034sf.
[2026-05-04T23:29:47Z] Cycle 2034sf: quiet. Sleeping 900s...
[2026-05-04T23:44:47Z] Woke up. Starting cycle 2034sg.
[2026-05-04T23:45:08Z] Cycle 2034sg: quiet. Sleeping 900s...
[2026-05-05T00:00:08Z] Woke up. Starting cycle 2034sh.
[2026-05-05T00:00:33Z] Cycle 2034sh: quiet. Sleeping 900s...
[2026-05-05T00:15:33Z] Woke up. Starting cycle 2034si.
[2026-05-05T00:16:00Z] Cycle 2034si: quiet. Sleeping 900s...
[2026-05-05T00:31:00Z] Woke up. Starting cycle 2034sj.
[2026-05-05T00:31:20Z] Cycle 2034sj: quiet. Sleeping 900s...
[2026-05-05T00:46:20Z] Woke up. Starting cycle 2034sk.
[2026-05-05T00:46:40Z] Cycle 2034sk: quiet. Sleeping 900s...
[2026-05-05T01:01:40Z] Woke up. Starting cycle 2034sl.
[2026-05-05T01:02:01Z] Cycle 2034sl: quiet. Sleeping 900s...
[2026-05-05T01:17:01Z] Woke up. Starting cycle 2034sm.
[2026-05-05T01:17:25Z] Cycle 2034sm: quiet. Sleeping 900s...
[2026-05-05T01:32:25Z] Woke up. Starting cycle 2034sn.
[2026-05-05T01:32:48Z] Cycle 2034sn: quiet. Sleeping 900s...
[2026-05-05T01:47:48Z] Woke up. Starting cycle 2034so.
[2026-05-05T01:48:11Z] Cycle 2034so: quiet. Sleeping 900s...
[2026-05-05T02:03:11Z] Woke up. Starting cycle 2034sp.
[2026-05-05T02:03:35Z] Cycle 2034sp: quiet. Sleeping 900s...
[2026-05-05T02:18:35Z] Woke up. Starting cycle 2034sq.
[2026-05-05T02:18:56Z] Cycle 2034sq: quiet. Sleeping 900s...
[2026-05-05T02:33:56Z] Woke up. Starting cycle 2034sr.
[2026-05-05T02:34:19Z] Cycle 2034sr: quiet. Sleeping 900s...
[2026-05-05T02:49:19Z] Woke up. Starting cycle 2034ss.
[2026-05-05T02:49:42Z] Cycle 2034ss: quiet. Sleeping 900s...
[2026-05-05T03:04:42Z] Woke up. Starting cycle 2034st.
[2026-05-05T03:05:06Z] Cycle 2034st: quiet. Sleeping 900s...
[2026-05-05T03:20:06Z] Woke up. Starting cycle 2034su.
[2026-05-05T03:20:34Z] Cycle 2034su: quiet. Sleeping 900s...
[2026-05-05T03:35:34Z] Woke up. Starting cycle 2034sv.
[2026-05-05T03:36:22Z] Cycle 2034sv: quiet. Sleeping 900s...
[2026-05-05T03:51:22Z] Woke up. Starting cycle 2034sw.
[2026-05-05T03:51:49Z] Cycle 2034sw: quiet. Sleeping 900s...
[2026-05-05T04:06:49Z] Woke up. Starting cycle 2034sx.
[2026-05-05T04:07:15Z] Cycle 2034sx: quiet. Sleeping 900s...
[2026-05-05T04:22:15Z] Woke up. Starting cycle 2034sy.
[2026-05-05T04:22:40Z] Cycle 2034sy: quiet. Sleeping 900s...
[2026-05-05T04:37:40Z] Woke up. Starting cycle 2034sz.
[2026-05-05T04:38:05Z] Cycle 2034sz: quiet. Sleeping 900s...
[2026-05-05T04:53:05Z] Woke up. Starting cycle 2034t0.
[2026-05-05T04:53:31Z] Cycle 2034t0: quiet. Sleeping 900s...
[2026-05-05T05:08:31Z] Woke up. Starting cycle 2034t1.
[2026-05-05T05:08:58Z] Cycle 2034t1: quiet. Sleeping 900s...
[2026-05-05T05:23:58Z] Woke up. Starting cycle 2034t2.
[2026-05-05T05:24:26Z] Cycle 2034t2: quiet. Sleeping 900s...
[2026-05-05T05:39:26Z] Woke up. Starting cycle 2034t3.
[2026-05-05T05:39:54Z] Cycle 2034t3: quiet. Sleeping 900s...
[2026-05-05T05:54:54Z] Woke up. Starting cycle 2034t4.
[2026-05-05T05:55:58Z] Pre-fire verification complete: 3 repos HTTP 200, 3 drafts ready. Sleeping until 07:00Z fire...
[2026-05-05T06:55:58Z] Fire window reached. Executing May 5 PT fires.
[2026-05-05T06:58:38Z] Cycle 2034t4 complete: May 5 PT FIRED 3/3. Sleeping 900s...
[2026-05-05T07:13:38Z] Woke up. Starting cycle 2034t5.
[2026-05-05T07:14:10Z] Cycle 2034t5: quiet (0 inbox, 0 fire replies). Sleeping 900s...
[2026-05-05T07:29:10Z] Woke up. Starting cycle 2034t6.
[2026-05-05T07:29:38Z] Cycle 2034t6: quiet. Sleeping 900s...
[2026-05-05T07:44:38Z] Woke up. Starting cycle 2034t7.
[2026-05-05T07:45:09Z] Cycle 2034t7: quiet. Sleeping 900s...
[2026-05-05T08:00:09Z] Woke up. Starting cycle 2034t8.
[2026-05-05T08:01:53Z] Cycle 2034t8: quiet. Sleeping 900s...
[2026-05-05T08:16:53Z] Woke up. Starting cycle 2034t9.
2026-05-06T07:34:37Z cycle 2034t7: board #570 refreshed https://github.com/aibtcdev/agent-news/discussions/570
2026-05-06T09:10:37Z cycle 2034tc complete — May 11 drafts (p119-p121) ready, lint 0/0, pushed
2026-05-06T09:18:18Z cycle 2034td complete — May 12 scout + drafts (p122-p124) ready, lint 0/0, pushed. 18 pitches pre-staged through May 12.
2026-05-06T09:35:51Z cycle 2034te complete — May 13 scout + drafts (p125-p127) ready, lint 0/0, pushed. 21 pitches pre-staged through May 13.
2026-05-06T09:43:56Z cycle 2034tf complete — May 14 scout + drafts (p128-p130) ready, lint 0/0, pushed. 24 pitches pre-staged through May 14.
2026-05-06T09:58:34Z cycle 2034tg complete — May 15 drafts (p131-p133) + HB #24. 27 pitches pre-staged through May 15.
2026-05-06T10:03:16Z cycle 2034th complete — Glowing Raptor IC seat resumed via x402 inbox. Learning added.
2026-05-06T10:19:33Z cycle 2034ti complete — May 16 drafts (p134-p136) ready, lint 0/0. 30 pitches pre-staged through May 16.
2026-05-06T10:35:51Z cycle 2034tj complete — May 17 drafts (p137-p139) ready, lint 0/0, pushed. 33 pitches pre-staged through May 17.
[2026-05-06T10:26:40Z] Cycle 2034tj complete. Sleeping 900s...
[2026-05-06T10:34:39Z] Woke up. Starting cycle 2034tk.
2026-05-06T10:55:22Z cycle 2034tk complete — May 18 drafts (p140-p142) ready, lint 0/0. 36 pitches pre-staged through May 18.
[2026-05-06T10:45:18Z] Cycle 2034tk complete. Sleeping 900s...
[2026-05-06T11:00:24Z] Woke up. Starting cycle 2034tl.
2026-05-06T11:15:33Z cycle 2034tl complete — May 19 drafts (p143-p145) ready, lint 0/0. 39 pitches pre-staged through May 19.
[2026-05-06T11:07:56Z] Cycle 2034tl complete. Sleeping 900s...
[2026-05-06T11:23:01Z] Woke up. Starting cycle 2034tm.
2026-05-06T11:35:22Z cycle 2034tm complete — May 20 drafts (p146-p148) ready, lint 0/0. 42 pitches pre-staged through May 20.
[2026-05-06T11:34:12Z] Cycle 2034tm complete. Sleeping 900s...
[2026-05-06T11:49:18Z] Woke up. Starting cycle 2034tn.
2026-05-06T11:55:33Z cycle 2034tn complete — May 21 drafts (p149-p151) ready, lint 0/0. 45 pitches pre-staged through May 21.
